<?xml version="1.0" encoding="UTF-8"?>
<coverage generated="1736844901017" clover="3.2.0">
  <project timestamp="1736844901017" name="All files">
    <metrics statements="107" coveredstatements="107" conditionals="57" coveredconditionals="56" methods="16" coveredmethods="16" elements="180" coveredelements="179" complexity="0" loc="107" ncloc="107" packages="1" files="1" classes="1"/>
    <file name="index.js" path="/home/tim/Documents/Cours/S7/Validation_Code/tchatbot_project/src/index.js">
      <metrics statements="107" coveredstatements="107" conditionals="57" coveredconditionals="56" methods="16" coveredmethods="16"/>
      <line num="1" count="3" type="stmt"/>
      <line num="3" count="1" type="stmt"/>
      <line num="4" count="2" type="cond" truecount="4" falsecount="0"/>
      <line num="5" count="1" type="stmt"/>
      <line num="8" count="1" type="stmt"/>
      <line num="11" count="1" type="cond" truecount="0" falsecount="1"/>
      <line num="12" count="11" type="stmt"/>
      <line num="14" count="11" type="cond" truecount="2" falsecount="0"/>
      <line num="15" count="1" type="stmt"/>
      <line num="18" count="10" type="stmt"/>
      <line num="19" count="93" type="stmt"/>
      <line num="22" count="10" type="stmt"/>
      <line num="25" count="5" type="stmt"/>
      <line num="27" count="1" type="stmt"/>
      <line num="28" count="2" type="stmt"/>
      <line num="30" count="2" type="stmt"/>
      <line num="31" count="5" type="stmt"/>
      <line num="34" count="2" type="stmt"/>
      <line num="37" count="1" type="stmt"/>
      <line num="38" count="6" type="cond" truecount="2" falsecount="0"/>
      <line num="39" count="3" type="stmt"/>
      <line num="42" count="3" type="stmt"/>
      <line num="45" count="1" type="stmt"/>
      <line num="46" count="13682" type="cond" truecount="2" falsecount="0"/>
      <line num="47" count="7" type="stmt"/>
      <line num="49" count="13675" type="cond" truecount="2" falsecount="0"/>
      <line num="50" count="3" type="stmt"/>
      <line num="53" count="13672" type="cond" truecount="4" falsecount="0"/>
      <line num="54" count="6840" type="stmt"/>
      <line num="57" count="6832" type="stmt"/>
      <line num="61" count="1" type="stmt"/>
      <line num="62" count="2" type="stmt"/>
      <line num="63" count="2" type="stmt"/>
      <line num="65" count="2" type="stmt"/>
      <line num="66" count="52" type="stmt"/>
      <line num="69" count="2" type="stmt"/>
      <line num="72" count="1" type="stmt"/>
      <line num="73" count="4" type="cond" truecount="2" falsecount="0"/>
      <line num="74" count="1" type="stmt"/>
      <line num="77" count="3" type="stmt"/>
      <line num="79" count="3" type="stmt"/>
      <line num="80" count="6" type="stmt"/>
      <line num="83" count="3" type="stmt"/>
      <line num="86" count="1" type="stmt"/>
      <line num="87" count="5" type="stmt"/>
      <line num="89" count="5" type="stmt"/>
      <line num="90" count="25" type="stmt"/>
      <line num="92" count="25" type="cond" truecount="4" falsecount="0"/>
      <line num="93" count="8" type="stmt"/>
      <line num="95" count="25" type="cond" truecount="4" falsecount="0"/>
      <line num="96" count="5" type="stmt"/>
      <line num="98" count="25" type="cond" truecount="4" falsecount="0"/>
      <line num="99" count="5" type="stmt"/>
      <line num="101" count="25" type="cond" truecount="2" falsecount="0"/>
      <line num="102" count="3" type="stmt"/>
      <line num="106" count="5" type="stmt"/>
      <line num="110" count="27" type="cond" truecount="2" falsecount="0"/>
      <line num="111" count="11" type="stmt"/>
      <line num="112" count="11" type="stmt"/>
      <line num="113" count="11" type="stmt"/>
      <line num="114" count="11" type="stmt"/>
      <line num="115" count="26" type="cond" truecount="2" falsecount="0"/>
      <line num="116" count="8" type="stmt"/>
      <line num="118" count="11" type="stmt"/>
      <line num="122" count="4" type="stmt"/>
      <line num="125" count="4" type="cond" truecount="2" falsecount="0"/>
      <line num="127" count="3" type="stmt"/>
      <line num="128" count="3" type="stmt"/>
      <line num="129" count="3" type="stmt"/>
      <line num="131" count="3" type="stmt"/>
      <line num="132" count="27" type="stmt"/>
      <line num="133" count="27" type="stmt"/>
      <line num="134" count="74" type="stmt"/>
      <line num="136" count="27" type="stmt"/>
      <line num="138" count="27" type="cond" truecount="2" falsecount="0"/>
      <line num="139" count="3" type="stmt"/>
      <line num="140" count="3" type="stmt"/>
      <line num="145" count="3" type="cond" truecount="2" falsecount="0"/>
      <line num="146" count="1" type="stmt"/>
      <line num="149" count="2" type="stmt"/>
      <line num="154" count="91" type="cond" truecount="2" falsecount="0"/>
      <line num="155" count="56" type="stmt"/>
      <line num="156" count="56" type="stmt"/>
      <line num="157" count="85" type="stmt"/>
      <line num="158" count="85" type="stmt"/>
      <line num="159" count="85" type="stmt"/>
      <line num="160" count="120" type="stmt"/>
      <line num="163" count="56" type="stmt"/>
      <line num="167" count="4210" type="stmt"/>
      <line num="168" count="16971" type="stmt"/>
      <line num="169" count="139339" type="cond" truecount="2" falsecount="0"/>
      <line num="170" count="4208" type="stmt"/>
      <line num="171" count="37652" type="cond" truecount="2" falsecount="0"/>
      <line num="172" count="4208" type="stmt"/>
      <line num="173" count="4208" type="cond" truecount="2" falsecount="0"/>
      <line num="174" count="51" type="stmt"/>
      <line num="176" count="4157" type="stmt"/>
      <line num="179" count="4157" type="stmt"/>
      <line num="183" count="2" type="stmt"/>
      <line num="188" count="37655" type="stmt"/>
      <line num="189" count="163079" type="cond" truecount="4" falsecount="0"/>
      <line num="191" count="5609" type="stmt"/>
      <line num="192" count="5609" type="stmt"/>
      <line num="193" count="5609" type="stmt"/>
      <line num="194" count="15636" type="stmt"/>
      <line num="195" count="45420" type="cond" truecount="2" falsecount="0"/>
      <line num="198" count="4208" type="stmt"/>
    </file>
  </project>
</coverage>
