{"/home/tim/Documents/Cours/S7/Validation_Code/tchatbot_project/src/index.js": {"path":"/home/tim/Documents/Cours/S7/Validation_Code/tchatbot_project/src/index.js","statementMap":{"0":{"start":{"line":1,"column":33},"end":{"line":1,"column":48}},"1":{"start":{"line":1,"column":40},"end":{"line":1,"column":48}},"2":{"start":{"line":3,"column":19},"end":{"line":9,"column":1}},"3":{"start":{"line":4,"column":2},"end":{"line":6,"column":3}},"4":{"start":{"line":5,"column":4},"end":{"line":5,"column":13}},"5":{"start":{"line":8,"column":2},"end":{"line":8,"column":15}},"6":{"start":{"line":11,"column":31},"end":{"line":23,"column":1}},"7":{"start":{"line":12,"column":14},"end":{"line":12,"column":15}},"8":{"start":{"line":14,"column":2},"end":{"line":16,"column":3}},"9":{"start":{"line":15,"column":4},"end":{"line":15,"column":17}},"10":{"start":{"line":18,"column":2},"end":{"line":20,"column":3}},"11":{"start":{"line":19,"column":4},"end":{"line":19,"column":12}},"12":{"start":{"line":22,"column":2},"end":{"line":22,"column":15}},"13":{"start":{"line":25,"column":34},"end":{"line":25,"column":68}},"14":{"start":{"line":25,"column":40},"end":{"line":25,"column":68}},"15":{"start":{"line":27,"column":32},"end":{"line":35,"column":1}},"16":{"start":{"line":28,"column":17},"end":{"line":28,"column":19}},"17":{"start":{"line":30,"column":2},"end":{"line":32,"column":3}},"18":{"start":{"line":30,"column":15},"end":{"line":30,"column":16}},"19":{"start":{"line":31,"column":4},"end":{"line":31,"column":23}},"20":{"start":{"line":34,"column":2},"end":{"line":34,"column":16}},"21":{"start":{"line":37,"column":32},"end":{"line":43,"column":1}},"22":{"start":{"line":38,"column":2},"end":{"line":40,"column":3}},"23":{"start":{"line":39,"column":4},"end":{"line":39,"column":22}},"24":{"start":{"line":42,"column":2},"end":{"line":42,"column":19}},"25":{"start":{"line":45,"column":20},"end":{"line":59,"column":3}},"26":{"start":{"line":46,"column":4},"end":{"line":58,"column":5}},"27":{"start":{"line":47,"column":6},"end":{"line":47,"column":15}},"28":{"start":{"line":49,"column":8},"end":{"line":51,"column":9}},"29":{"start":{"line":50,"column":12},"end":{"line":50,"column":21}},"30":{"start":{"line":53,"column":8},"end":{"line":55,"column":9}},"31":{"start":{"line":54,"column":12},"end":{"line":54,"column":21}},"32":{"start":{"line":57,"column":8},"end":{"line":57,"column":41}},"33":{"start":{"line":61,"column":42},"end":{"line":70,"column":1}},"34":{"start":{"line":62,"column":16},"end":{"line":62,"column":36}},"35":{"start":{"line":63,"column":21},"end":{"line":63,"column":23}},"36":{"start":{"line":65,"column":2},"end":{"line":67,"column":3}},"37":{"start":{"line":65,"column":15},"end":{"line":65,"column":37}},"38":{"start":{"line":66,"column":4},"end":{"line":66,"column":31}},"39":{"start":{"line":69,"column":2},"end":{"line":69,"column":22}},"40":{"start":{"line":72,"column":33},"end":{"line":84,"column":3}},"41":{"start":{"line":73,"column":4},"end":{"line":75,"column":5}},"42":{"start":{"line":74,"column":6},"end":{"line":74,"column":15}},"43":{"start":{"line":77,"column":12},"end":{"line":77,"column":13}},"44":{"start":{"line":79,"column":4},"end":{"line":81,"column":5}},"45":{"start":{"line":80,"column":6},"end":{"line":80,"column":13}},"46":{"start":{"line":83,"column":4},"end":{"line":83,"column":13}},"47":{"start":{"line":86,"column":36},"end":{"line":107,"column":1}},"48":{"start":{"line":87,"column":18},"end":{"line":87,"column":20}},"49":{"start":{"line":89,"column":2},"end":{"line":104,"column":3}},"50":{"start":{"line":89,"column":15},"end":{"line":89,"column":16}},"51":{"start":{"line":90,"column":21},"end":{"line":90,"column":27}},"52":{"start":{"line":92,"column":4},"end":{"line":94,"column":5}},"53":{"start":{"line":93,"column":6},"end":{"line":93,"column":47}},"54":{"start":{"line":95,"column":4},"end":{"line":97,"column":5}},"55":{"start":{"line":96,"column":6},"end":{"line":96,"column":47}},"56":{"start":{"line":98,"column":4},"end":{"line":100,"column":5}},"57":{"start":{"line":99,"column":6},"end":{"line":99,"column":47}},"58":{"start":{"line":101,"column":4},"end":{"line":103,"column":5}},"59":{"start":{"line":102,"column":6},"end":{"line":102,"column":47}},"60":{"start":{"line":106,"column":2},"end":{"line":106,"column":26}},"61":{"start":{"line":110,"column":4},"end":{"line":110,"column":36}},"62":{"start":{"line":110,"column":25},"end":{"line":110,"column":36}},"63":{"start":{"line":111,"column":16},"end":{"line":111,"column":35}},"64":{"start":{"line":112,"column":15},"end":{"line":112,"column":17}},"65":{"start":{"line":113,"column":16},"end":{"line":113,"column":18}},"66":{"start":{"line":114,"column":4},"end":{"line":117,"column":5}},"67":{"start":{"line":114,"column":17},"end":{"line":114,"column":18}},"68":{"start":{"line":115,"column":8},"end":{"line":116,"column":32}},"69":{"start":{"line":115,"column":28},"end":{"line":115,"column":46}},"70":{"start":{"line":116,"column":13},"end":{"line":116,"column":32}},"71":{"start":{"line":118,"column":4},"end":{"line":118,"column":60}},"72":{"start":{"line":122,"column":17},"end":{"line":122,"column":39}},"73":{"start":{"line":125,"column":4},"end":{"line":125,"column":88}},"74":{"start":{"line":125,"column":29},"end":{"line":125,"column":88}},"75":{"start":{"line":127,"column":23},"end":{"line":127,"column":39}},"76":{"start":{"line":128,"column":22},"end":{"line":128,"column":30}},"77":{"start":{"line":129,"column":31},"end":{"line":129,"column":33}},"78":{"start":{"line":131,"column":4},"end":{"line":142,"column":7}},"79":{"start":{"line":132,"column":29},"end":{"line":132,"column":30}},"80":{"start":{"line":133,"column":8},"end":{"line":135,"column":9}},"81":{"start":{"line":133,"column":21},"end":{"line":133,"column":22}},"82":{"start":{"line":134,"column":12},"end":{"line":134,"column":66}},"83":{"start":{"line":136,"column":8},"end":{"line":136,"column":74}},"84":{"start":{"line":138,"column":8},"end":{"line":141,"column":9}},"85":{"start":{"line":139,"column":12},"end":{"line":139,"column":41}},"86":{"start":{"line":140,"column":12},"end":{"line":140,"column":42}},"87":{"start":{"line":145,"column":4},"end":{"line":147,"column":5}},"88":{"start":{"line":146,"column":8},"end":{"line":146,"column":64}},"89":{"start":{"line":149,"column":4},"end":{"line":149,"column":49}},"90":{"start":{"line":154,"column":4},"end":{"line":154,"column":38}},"91":{"start":{"line":154,"column":26},"end":{"line":154,"column":38}},"92":{"start":{"line":155,"column":17},"end":{"line":155,"column":19}},"93":{"start":{"line":156,"column":4},"end":{"line":162,"column":5}},"94":{"start":{"line":156,"column":17},"end":{"line":156,"column":18}},"95":{"start":{"line":157,"column":20},"end":{"line":157,"column":60}},"96":{"start":{"line":158,"column":21},"end":{"line":158,"column":36}},"97":{"start":{"line":159,"column":8},"end":{"line":161,"column":9}},"98":{"start":{"line":159,"column":21},"end":{"line":159,"column":22}},"99":{"start":{"line":160,"column":12},"end":{"line":160,"column":52}},"100":{"start":{"line":163,"column":4},"end":{"line":163,"column":18}},"101":{"start":{"line":167,"column":4},"end":{"line":182,"column":5}},"102":{"start":{"line":167,"column":21},"end":{"line":167,"column":22}},"103":{"start":{"line":168,"column":8},"end":{"line":181,"column":9}},"104":{"start":{"line":168,"column":23},"end":{"line":168,"column":24}},"105":{"start":{"line":169,"column":12},"end":{"line":180,"column":13}},"106":{"start":{"line":170,"column":16},"end":{"line":178,"column":17}},"107":{"start":{"line":170,"column":31},"end":{"line":170,"column":32}},"108":{"start":{"line":171,"column":20},"end":{"line":177,"column":21}},"109":{"start":{"line":172,"column":24},"end":{"line":172,"column":49}},"110":{"start":{"line":173,"column":24},"end":{"line":175,"column":25}},"111":{"start":{"line":174,"column":28},"end":{"line":174,"column":40}},"112":{"start":{"line":176,"column":24},"end":{"line":176,"column":47}},"113":{"start":{"line":179,"column":16},"end":{"line":179,"column":29}},"114":{"start":{"line":183,"column":4},"end":{"line":183,"column":16}},"115":{"start":{"line":188,"column":4},"end":{"line":190,"column":5}},"116":{"start":{"line":188,"column":17},"end":{"line":188,"column":18}},"117":{"start":{"line":189,"column":8},"end":{"line":189,"column":77}},"118":{"start":{"line":189,"column":64},"end":{"line":189,"column":77}},"119":{"start":{"line":191,"column":19},"end":{"line":191,"column":44}},"120":{"start":{"line":192,"column":19},"end":{"line":192,"column":42}},"121":{"start":{"line":193,"column":4},"end":{"line":197,"column":5}},"122":{"start":{"line":193,"column":17},"end":{"line":193,"column":25}},"123":{"start":{"line":194,"column":8},"end":{"line":196,"column":9}},"124":{"start":{"line":194,"column":21},"end":{"line":194,"column":29}},"125":{"start":{"line":195,"column":12},"end":{"line":195,"column":51}},"126":{"start":{"line":195,"column":38},"end":{"line":195,"column":51}},"127":{"start":{"line":198,"column":4},"end":{"line":198,"column":16}}},"fnMap":{"0":{"name":"(anonymous_0)","decl":{"start":{"line":1,"column":33},"end":{"line":1,"column":34}},"loc":{"start":{"line":1,"column":40},"end":{"line":1,"column":48}},"line":1},"1":{"name":"(anonymous_1)","decl":{"start":{"line":3,"column":19},"end":{"line":3,"column":20}},"loc":{"start":{"line":3,"column":29},"end":{"line":9,"column":1}},"line":3},"2":{"name":"(anonymous_2)","decl":{"start":{"line":11,"column":31},"end":{"line":11,"column":32}},"loc":{"start":{"line":11,"column":45},"end":{"line":23,"column":1}},"line":11},"3":{"name":"(anonymous_3)","decl":{"start":{"line":25,"column":34},"end":{"line":25,"column":35}},"loc":{"start":{"line":25,"column":40},"end":{"line":25,"column":68}},"line":25},"4":{"name":"(anonymous_4)","decl":{"start":{"line":27,"column":32},"end":{"line":27,"column":33}},"loc":{"start":{"line":27,"column":41},"end":{"line":35,"column":1}},"line":27},"5":{"name":"(anonymous_5)","decl":{"start":{"line":37,"column":32},"end":{"line":37,"column":33}},"loc":{"start":{"line":37,"column":41},"end":{"line":43,"column":1}},"line":37},"6":{"name":"(anonymous_6)","decl":{"start":{"line":45,"column":20},"end":{"line":45,"column":21}},"loc":{"start":{"line":45,"column":27},"end":{"line":59,"column":3}},"line":45},"7":{"name":"(anonymous_7)","decl":{"start":{"line":61,"column":42},"end":{"line":61,"column":43}},"loc":{"start":{"line":61,"column":48},"end":{"line":70,"column":1}},"line":61},"8":{"name":"(anonymous_8)","decl":{"start":{"line":72,"column":33},"end":{"line":72,"column":34}},"loc":{"start":{"line":72,"column":42},"end":{"line":84,"column":3}},"line":72},"9":{"name":"(anonymous_9)","decl":{"start":{"line":86,"column":36},"end":{"line":86,"column":37}},"loc":{"start":{"line":86,"column":45},"end":{"line":107,"column":1}},"line":86},"10":{"name":"quickSort","decl":{"start":{"line":109,"column":16},"end":{"line":109,"column":25}},"loc":{"start":{"line":109,"column":31},"end":{"line":119,"column":1}},"line":109},"11":{"name":"tspBrutForce","decl":{"start":{"line":121,"column":16},"end":{"line":121,"column":28}},"loc":{"start":{"line":121,"column":40},"end":{"line":150,"column":1}},"line":121},"12":{"name":"(anonymous_12)","decl":{"start":{"line":131,"column":25},"end":{"line":131,"column":26}},"loc":{"start":{"line":131,"column":35},"end":{"line":142,"column":5}},"line":131},"13":{"name":"permuter","decl":{"start":{"line":153,"column":16},"end":{"line":153,"column":24}},"loc":{"start":{"line":153,"column":30},"end":{"line":164,"column":1}},"line":153},"14":{"name":"resoudreSudoku","decl":{"start":{"line":166,"column":16},"end":{"line":166,"column":30}},"loc":{"start":{"line":166,"column":39},"end":{"line":184,"column":1}},"line":166},"15":{"name":"estValide","decl":{"start":{"line":187,"column":16},"end":{"line":187,"column":25}},"loc":{"start":{"line":187,"column":51},"end":{"line":199,"column":1}},"line":187}},"branchMap":{"0":{"loc":{"start":{"line":4,"column":2},"end":{"line":6,"column":3}},"type":"if","locations":[{"start":{"line":4,"column":2},"end":{"line":6,"column":3}},{"start":{},"end":{}}],"line":4},"1":{"loc":{"start":{"line":4,"column":6},"end":{"line":4,"column":50}},"type":"binary-expr","locations":[{"start":{"line":4,"column":6},"end":{"line":4,"column":26}},{"start":{"line":4,"column":30},"end":{"line":4,"column":50}}],"line":4},"2":{"loc":{"start":{"line":11,"column":32},"end":{"line":11,"column":40}},"type":"default-arg","locations":[{"start":{"line":11,"column":38},"end":{"line":11,"column":40}}],"line":11},"3":{"loc":{"start":{"line":14,"column":2},"end":{"line":16,"column":3}},"type":"if","locations":[{"start":{"line":14,"column":2},"end":{"line":16,"column":3}},{"start":{},"end":{}}],"line":14},"4":{"loc":{"start":{"line":38,"column":2},"end":{"line":40,"column":3}},"type":"if","locations":[{"start":{"line":38,"column":2},"end":{"line":40,"column":3}},{"start":{},"end":{}}],"line":38},"5":{"loc":{"start":{"line":46,"column":4},"end":{"line":58,"column":5}},"type":"if","locations":[{"start":{"line":46,"column":4},"end":{"line":58,"column":5}},{"start":{"line":48,"column":11},"end":{"line":58,"column":5}}],"line":46},"6":{"loc":{"start":{"line":49,"column":8},"end":{"line":51,"column":9}},"type":"if","locations":[{"start":{"line":49,"column":8},"end":{"line":51,"column":9}},{"start":{},"end":{}}],"line":49},"7":{"loc":{"start":{"line":53,"column":8},"end":{"line":55,"column":9}},"type":"if","locations":[{"start":{"line":53,"column":8},"end":{"line":55,"column":9}},{"start":{},"end":{}}],"line":53},"8":{"loc":{"start":{"line":53,"column":12},"end":{"line":53,"column":30}},"type":"binary-expr","locations":[{"start":{"line":53,"column":12},"end":{"line":53,"column":19}},{"start":{"line":53,"column":23},"end":{"line":53,"column":30}}],"line":53},"9":{"loc":{"start":{"line":73,"column":4},"end":{"line":75,"column":5}},"type":"if","locations":[{"start":{"line":73,"column":4},"end":{"line":75,"column":5}},{"start":{},"end":{}}],"line":73},"10":{"loc":{"start":{"line":92,"column":4},"end":{"line":94,"column":5}},"type":"if","locations":[{"start":{"line":92,"column":4},"end":{"line":94,"column":5}},{"start":{},"end":{}}],"line":92},"11":{"loc":{"start":{"line":92,"column":9},"end":{"line":92,"column":39}},"type":"binary-expr","locations":[{"start":{"line":92,"column":9},"end":{"line":92,"column":22}},{"start":{"line":92,"column":26},"end":{"line":92,"column":39}}],"line":92},"12":{"loc":{"start":{"line":95,"column":4},"end":{"line":97,"column":5}},"type":"if","locations":[{"start":{"line":95,"column":4},"end":{"line":97,"column":5}},{"start":{},"end":{}}],"line":95},"13":{"loc":{"start":{"line":95,"column":9},"end":{"line":95,"column":40}},"type":"binary-expr","locations":[{"start":{"line":95,"column":9},"end":{"line":95,"column":22}},{"start":{"line":95,"column":26},"end":{"line":95,"column":40}}],"line":95},"14":{"loc":{"start":{"line":98,"column":4},"end":{"line":100,"column":5}},"type":"if","locations":[{"start":{"line":98,"column":4},"end":{"line":100,"column":5}},{"start":{},"end":{}}],"line":98},"15":{"loc":{"start":{"line":98,"column":9},"end":{"line":98,"column":39}},"type":"binary-expr","locations":[{"start":{"line":98,"column":9},"end":{"line":98,"column":22}},{"start":{"line":98,"column":26},"end":{"line":98,"column":39}}],"line":98},"16":{"loc":{"start":{"line":101,"column":4},"end":{"line":103,"column":5}},"type":"if","locations":[{"start":{"line":101,"column":4},"end":{"line":103,"column":5}},{"start":{},"end":{}}],"line":101},"17":{"loc":{"start":{"line":110,"column":4},"end":{"line":110,"column":36}},"type":"if","locations":[{"start":{"line":110,"column":4},"end":{"line":110,"column":36}},{"start":{},"end":{}}],"line":110},"18":{"loc":{"start":{"line":115,"column":8},"end":{"line":116,"column":32}},"type":"if","locations":[{"start":{"line":115,"column":8},"end":{"line":116,"column":32}},{"start":{"line":116,"column":13},"end":{"line":116,"column":32}}],"line":115},"19":{"loc":{"start":{"line":125,"column":4},"end":{"line":125,"column":88}},"type":"if","locations":[{"start":{"line":125,"column":4},"end":{"line":125,"column":88}},{"start":{},"end":{}}],"line":125},"20":{"loc":{"start":{"line":138,"column":8},"end":{"line":141,"column":9}},"type":"if","locations":[{"start":{"line":138,"column":8},"end":{"line":141,"column":9}},{"start":{},"end":{}}],"line":138},"21":{"loc":{"start":{"line":145,"column":4},"end":{"line":147,"column":5}},"type":"if","locations":[{"start":{"line":145,"column":4},"end":{"line":147,"column":5}},{"start":{},"end":{}}],"line":145},"22":{"loc":{"start":{"line":154,"column":4},"end":{"line":154,"column":38}},"type":"if","locations":[{"start":{"line":154,"column":4},"end":{"line":154,"column":38}},{"start":{},"end":{}}],"line":154},"23":{"loc":{"start":{"line":169,"column":12},"end":{"line":180,"column":13}},"type":"if","locations":[{"start":{"line":169,"column":12},"end":{"line":180,"column":13}},{"start":{},"end":{}}],"line":169},"24":{"loc":{"start":{"line":171,"column":20},"end":{"line":177,"column":21}},"type":"if","locations":[{"start":{"line":171,"column":20},"end":{"line":177,"column":21}},{"start":{},"end":{}}],"line":171},"25":{"loc":{"start":{"line":173,"column":24},"end":{"line":175,"column":25}},"type":"if","locations":[{"start":{"line":173,"column":24},"end":{"line":175,"column":25}},{"start":{},"end":{}}],"line":173},"26":{"loc":{"start":{"line":189,"column":8},"end":{"line":189,"column":77}},"type":"if","locations":[{"start":{"line":189,"column":8},"end":{"line":189,"column":77}},{"start":{},"end":{}}],"line":189},"27":{"loc":{"start":{"line":189,"column":12},"end":{"line":189,"column":62}},"type":"binary-expr","locations":[{"start":{"line":189,"column":12},"end":{"line":189,"column":36}},{"start":{"line":189,"column":40},"end":{"line":189,"column":62}}],"line":189},"28":{"loc":{"start":{"line":195,"column":12},"end":{"line":195,"column":51}},"type":"if","locations":[{"start":{"line":195,"column":12},"end":{"line":195,"column":51}},{"start":{},"end":{}}],"line":195}},"s":{"0":1,"1":3,"2":1,"3":2,"4":1,"5":1,"6":1,"7":11,"8":11,"9":1,"10":10,"11":93,"12":10,"13":1,"14":5,"15":1,"16":2,"17":2,"18":2,"19":5,"20":2,"21":1,"22":6,"23":3,"24":3,"25":1,"26":13682,"27":7,"28":13675,"29":3,"30":13672,"31":6840,"32":6832,"33":1,"34":2,"35":2,"36":2,"37":2,"38":52,"39":2,"40":1,"41":4,"42":1,"43":3,"44":3,"45":6,"46":3,"47":1,"48":5,"49":5,"50":5,"51":25,"52":25,"53":8,"54":25,"55":5,"56":25,"57":5,"58":25,"59":3,"60":5,"61":27,"62":16,"63":11,"64":11,"65":11,"66":11,"67":11,"68":26,"69":18,"70":8,"71":11,"72":4,"73":4,"74":1,"75":3,"76":3,"77":3,"78":3,"79":27,"80":27,"81":27,"82":74,"83":27,"84":27,"85":3,"86":3,"87":3,"88":1,"89":2,"90":91,"91":35,"92":56,"93":56,"94":56,"95":85,"96":85,"97":85,"98":85,"99":120,"100":56,"101":4210,"102":4210,"103":16971,"104":16971,"105":139339,"106":4208,"107":4208,"108":37652,"109":4208,"110":4208,"111":51,"112":4157,"113":4157,"114":2,"115":37655,"116":37655,"117":163079,"118":32046,"119":5609,"120":5609,"121":5609,"122":5609,"123":15636,"124":15636,"125":45420,"126":1401,"127":4208},"f":{"0":3,"1":2,"2":11,"3":5,"4":2,"5":6,"6":13682,"7":2,"8":4,"9":5,"10":27,"11":4,"12":27,"13":91,"14":4210,"15":37655},"b":{"0":[1,1],"1":[2,1],"2":[0],"3":[1,10],"4":[3,3],"5":[7,13675],"6":[3,13672],"7":[6840,6832],"8":[13672,11059],"9":[1,3],"10":[8,17],"11":[25,16],"12":[5,20],"13":[25,12],"14":[5,20],"15":[25,22],"16":[3,22],"17":[16,11],"18":[18,8],"19":[1,3],"20":[3,24],"21":[1,2],"22":[35,56],"23":[4208,135131],"24":[4208,33444],"25":[51,4157],"26":[32046,131033],"27":[163079,143725],"28":[1401,44019]},"_coverageSchema":"1a1c01bbd47fc00a2c39e90264f33305004495a9","hash":"7e0a52afe84eae1b24cfb756b14cf630bd87ec0d"}
}
