TN:
SF:src/index.js
FN:1,(anonymous_0)
FN:3,(anonymous_1)
FN:11,(anonymous_2)
FN:25,(anonymous_3)
FN:27,(anonymous_4)
FN:37,(anonymous_5)
FN:45,(anonymous_6)
FN:61,(anonymous_7)
FN:72,(anonymous_8)
FN:86,(anonymous_9)
FN:109,quickSort
FN:121,tspBrutForce
FN:131,(anonymous_12)
FN:153,permuter
FN:166,resoudreSudoku
FN:187,estValide
FNF:16
FNH:16
FNDA:3,(anonymous_0)
FNDA:2,(anonymous_1)
FNDA:11,(anonymous_2)
FNDA:5,(anonymous_3)
FNDA:2,(anonymous_4)
FNDA:6,(anonymous_5)
FNDA:13682,(anonymous_6)
FNDA:2,(anonymous_7)
FNDA:4,(anonymous_8)
FNDA:5,(anonymous_9)
FNDA:27,quickSort
FNDA:4,tspBrutForce
FNDA:27,(anonymous_12)
FNDA:91,permuter
FNDA:4210,resoudreSudoku
FNDA:37655,estValide
DA:1,3
DA:3,1
DA:4,2
DA:5,1
DA:8,1
DA:11,1
DA:12,11
DA:14,11
DA:15,1
DA:18,10
DA:19,93
DA:22,10
DA:25,5
DA:27,1
DA:28,2
DA:30,2
DA:31,5
DA:34,2
DA:37,1
DA:38,6
DA:39,3
DA:42,3
DA:45,1
DA:46,13682
DA:47,7
DA:49,13675
DA:50,3
DA:53,13672
DA:54,6840
DA:57,6832
DA:61,1
DA:62,2
DA:63,2
DA:65,2
DA:66,52
DA:69,2
DA:72,1
DA:73,4
DA:74,1
DA:77,3
DA:79,3
DA:80,6
DA:83,3
DA:86,1
DA:87,5
DA:89,5
DA:90,25
DA:92,25
DA:93,8
DA:95,25
DA:96,5
DA:98,25
DA:99,5
DA:101,25
DA:102,3
DA:106,5
DA:110,27
DA:111,11
DA:112,11
DA:113,11
DA:114,11
DA:115,26
DA:116,8
DA:118,11
DA:122,4
DA:125,4
DA:127,3
DA:128,3
DA:129,3
DA:131,3
DA:132,27
DA:133,27
DA:134,74
DA:136,27
DA:138,27
DA:139,3
DA:140,3
DA:145,3
DA:146,1
DA:149,2
DA:154,91
DA:155,56
DA:156,56
DA:157,85
DA:158,85
DA:159,85
DA:160,120
DA:163,56
DA:167,4210
DA:168,16971
DA:169,139339
DA:170,4208
DA:171,37652
DA:172,4208
DA:173,4208
DA:174,51
DA:176,4157
DA:179,4157
DA:183,2
DA:188,37655
DA:189,163079
DA:191,5609
DA:192,5609
DA:193,5609
DA:194,15636
DA:195,45420
DA:198,4208
LF:107
LH:107
BRDA:4,0,0,1
BRDA:4,0,1,1
BRDA:4,1,0,2
BRDA:4,1,1,1
BRDA:11,2,0,0
BRDA:14,3,0,1
BRDA:14,3,1,10
BRDA:38,4,0,3
BRDA:38,4,1,3
BRDA:46,5,0,7
BRDA:46,5,1,13675
BRDA:49,6,0,3
BRDA:49,6,1,13672
BRDA:53,7,0,6840
BRDA:53,7,1,6832
BRDA:53,8,0,13672
BRDA:53,8,1,11059
BRDA:73,9,0,1
BRDA:73,9,1,3
BRDA:92,10,0,8
BRDA:92,10,1,17
BRDA:92,11,0,25
BRDA:92,11,1,16
BRDA:95,12,0,5
BRDA:95,12,1,20
BRDA:95,13,0,25
BRDA:95,13,1,12
BRDA:98,14,0,5
BRDA:98,14,1,20
BRDA:98,15,0,25
BRDA:98,15,1,22
BRDA:101,16,0,3
BRDA:101,16,1,22
BRDA:110,17,0,16
BRDA:110,17,1,11
BRDA:115,18,0,18
BRDA:115,18,1,8
BRDA:125,19,0,1
BRDA:125,19,1,3
BRDA:138,20,0,3
BRDA:138,20,1,24
BRDA:145,21,0,1
BRDA:145,21,1,2
BRDA:154,22,0,35
BRDA:154,22,1,56
BRDA:169,23,0,4208
BRDA:169,23,1,135131
BRDA:171,24,0,4208
BRDA:171,24,1,33444
BRDA:173,25,0,51
BRDA:173,25,1,4157
BRDA:189,26,0,32046
BRDA:189,26,1,131033
BRDA:189,27,0,163079
BRDA:189,27,1,143725
BRDA:195,28,0,1401
BRDA:195,28,1,44019
BRF:57
BRH:56
end_of_record
